<?xml version="1.0" encoding="UTF-8"?>
<!-- Generated by org.testng.reporters.JUnitReportReporter -->
<testsuite hostname="LAPTOP-N6849G24" failures="0" tests="1" name="tests.Assignment3" time="0.553" errors="0" timestamp="2023-07-18T18:57:07 IST" skipped="0">
  <testcase classname="tests.Assignment3" name="enterData" time="0.553"/>
</testsuite> <!-- tests.Assignment3 -->
