<?xml version="1.0" encoding="UTF-8"?>
<!-- Generated by org.testng.reporters.JUnitReportReporter -->
<testsuite hostname="LAPTOP-N6849G24" failures="0" tests="1" name="tests.Assignment4" time="1.366" errors="0" timestamp="2023-07-18T18:55:06 IST" skipped="0">
  <testcase classname="tests.Assignment4" name="loginTest" time="1.366"/>
</testsuite> <!-- tests.Assignment4 -->
